2025-10-15 01:58:19,320 [INFO] \U0001f916 Zealy Notifier Bot Started...
2025-10-15 01:58:19,320 [INFO] Tracking communities: Metaaccess, BitcoinVip
2025-10-15 01:58:19,321 [INFO] 
[2025-10-15 01:58:19] Checking for updates...
2025-10-15 01:58:19,321 [INFO] \U0001f50d Checking Metaaccess...
2025-10-15 01:58:21,294 [INFO] [Metaaccess] Error fetching tasks: 403 Client Error: Forbidden for url: https://api.zealy.io/communities/Metaaccess/quests?limit=50
2025-10-15 01:58:21,303 [INFO] \U0001f50d Checking BitcoinVip...
2025-10-15 01:58:22,722 [INFO] [BitcoinVip] Error fetching tasks: 403 Client Error: Forbidden for url: https://api.zealy.io/communities/BitcoinVip/quests?limit=50
2025-10-15 01:58:22,732 [INFO] \u2705 Check complete.
2025-10-15 02:02:10,844 [INFO] \U0001f916 Zealy Notifier Bot Started...
2025-10-15 02:02:10,845 [INFO] Tracking communities: metaaccess, bitcoinvip
2025-10-15 02:02:10,845 [INFO] 
[2025-10-15 02:02:10] Checking for updates...
2025-10-15 02:02:10,845 [INFO] \U0001f50d Checking metaaccess...
2025-10-15 02:02:13,327 [INFO] [metaaccess] Error fetching tasks: 403 Client Error: Forbidden for url: https://api.zealy.io/communities/metaaccess/quests?limit=50
2025-10-15 02:02:13,334 [INFO] \U0001f50d Checking bitcoinvip...
2025-10-15 02:02:14,661 [INFO] [bitcoinvip] Error fetching tasks: 403 Client Error: Forbidden for url: https://api.zealy.io/communities/bitcoinvip/quests?limit=50
2025-10-15 02:02:14,664 [INFO] \u2705 Check complete.
2025-10-15 02:10:31,405 [INFO] \U0001f916 Zealy Notifier Bot Started...
2025-10-15 02:10:31,406 [INFO] Tracking communities: metaaccess, bitcoinvip
2025-10-15 02:10:31,406 [INFO] 
[2025-10-15 02:10:31] Checking for updates...
2025-10-15 02:10:31,408 [INFO] \U0001f50d Checking metaaccess...
2025-10-15 02:10:33,042 [INFO] [metaaccess] Error fetching tasks: 403 Client Error: Forbidden for url: https://api.zealy.io/communities/metaaccess/quests?limit=50
2025-10-15 02:10:37,753 [INFO] \U0001f50d Checking bitcoinvip...
2025-10-15 02:10:39,491 [INFO] [bitcoinvip] Error fetching tasks: 403 Client Error: Forbidden for url: https://api.zealy.io/communities/bitcoinvip/quests?limit=50
2025-10-15 02:10:39,703 [INFO] \u2705 Check complete.
2025-10-15 02:12:02,913 [INFO] \U0001f916 Zealy Notifier Bot Started...
2025-10-15 02:12:02,914 [INFO] Tracking communities: metaaccess, bitcoinvip
2025-10-15 02:12:02,916 [INFO] 
[2025-10-15 02:12:02] Checking for updates...
2025-10-15 02:12:02,916 [INFO] \U0001f50d Checking metaaccess...
2025-10-15 02:12:04,795 [INFO] [metaaccess] Error fetching tasks: 404 Client Error: Not Found for url: https://api.zealy.io/communities/metaaccess/quests?limit=50
2025-10-15 02:12:06,506 [INFO] \U0001f50d Checking bitcoinvip...
2025-10-15 02:12:08,342 [INFO] [bitcoinvip] Error fetching tasks: 'list' object has no attribute 'get'
2025-10-15 02:12:08,688 [INFO] \u2705 Check complete.
2025-10-15 02:12:41,464 [INFO] \U0001f916 Zealy Notifier Bot Started...
2025-10-15 02:12:41,464 [INFO] Tracking communities: metaaccess, bitcoinvip
2025-10-15 02:12:41,464 [INFO] 
[2025-10-15 02:12:41] Checking for updates...
2025-10-15 02:12:41,465 [INFO] \U0001f50d Checking metaaccess...
2025-10-15 02:12:42,857 [INFO] [metaaccess] Error fetching tasks: 404 Client Error: Not Found for url: https://api.zealy.io/communities/metaaccess/quests?limit=50
2025-10-15 02:12:44,320 [INFO] \U0001f50d Checking bitcoinvip...
2025-10-15 02:12:46,370 [INFO] [bitcoinvip] Error fetching tasks: 'list' object has no attribute 'get'
2025-10-15 02:12:46,576 [INFO] \u2705 Check complete.
2025-10-15 02:17:46,630 [INFO] 
[2025-10-15 02:17:46] Checking for updates...
2025-10-15 02:17:46,640 [INFO] \U0001f50d Checking metaaccess...
2025-10-15 02:17:51,616 [INFO] [metaaccess] Error fetching tasks: 404 Client Error: Not Found for url: https://api.zealy.io/communities/metaaccess/quests?limit=50
2025-10-15 02:17:51,800 [INFO] \U0001f50d Checking bitcoinvip...
2025-10-15 02:17:54,490 [INFO] [bitcoinvip] Error fetching tasks: 'list' object has no attribute 'get'
2025-10-15 02:17:54,698 [INFO] \u2705 Check complete.
2025-10-15 02:22:02,291 [INFO] \U0001f916 Zealy Notifier Bot Started...
2025-10-15 02:22:02,291 [INFO] Tracking communities: metacces, bitcoinvip
2025-10-15 02:22:02,293 [INFO] 
[2025-10-15 02:22:02] Checking for updates...
2025-10-15 02:22:02,294 [INFO] \U0001f50d Checking metacces...
2025-10-15 02:22:05,467 [INFO] [metacces] Error fetching tasks: 403 Client Error: Forbidden for url: https://api.zealy.io/communities/metacces/quests?limit=50
2025-10-15 02:22:07,153 [INFO] \U0001f50d Checking bitcoinvip...
2025-10-15 02:22:09,476 [INFO] [bitcoinvip] Error fetching tasks: 'list' object has no attribute 'get'
2025-10-15 02:22:09,685 [INFO] \u2705 Check complete.
2025-10-15 02:22:38,229 [INFO] \U0001f916 Zealy Notifier Bot Started...
2025-10-15 02:22:38,230 [INFO] Tracking communities: metacces, BitcoinVip
2025-10-15 02:22:38,230 [INFO] 
[2025-10-15 02:22:38] Checking for updates...
2025-10-15 02:22:38,231 [INFO] \U0001f50d Checking metacces...
2025-10-15 02:22:39,877 [INFO] [metacces] Error fetching tasks: 403 Client Error: Forbidden for url: https://api.zealy.io/communities/metacces/quests?limit=50
2025-10-15 02:22:41,440 [INFO] \U0001f50d Checking BitcoinVip...
2025-10-15 02:22:42,947 [INFO] [BitcoinVip] Error fetching tasks: 404 Client Error: Not Found for url: https://api.zealy.io/communities/BitcoinVip/quests?limit=50
2025-10-15 02:22:43,157 [INFO] \u2705 Check complete.
2025-10-15 02:25:30,061 [INFO] \U0001f916 Zealy Notifier Bot Started...
2025-10-15 02:25:30,062 [INFO] Tracking communities: metacces-7573, bitcoinvip
2025-10-15 02:25:30,062 [INFO] 
[2025-10-15 02:25:30] Checking for updates...
2025-10-15 02:25:30,062 [INFO] \U0001f50d Checking metacces-7573...
2025-10-15 02:25:32,629 [INFO] [metacces-7573] Error fetching tasks: 'list' object has no attribute 'get'
2025-10-15 02:25:33,959 [INFO] \U0001f50d Checking bitcoinvip...
2025-10-15 02:25:36,009 [INFO] [bitcoinvip] Error fetching tasks: 'list' object has no attribute 'get'
2025-10-15 02:25:36,214 [INFO] \u2705 Check complete.
2025-10-15 02:26:13,613 [INFO] \U0001f916 Zealy Notifier Bot Started...
2025-10-15 02:26:13,614 [INFO] Tracking communities: metacces-7573, bitcoinvip
2025-10-15 02:26:13,614 [INFO] 
[2025-10-15 02:26:13] Checking for updates...
2025-10-15 02:26:13,615 [INFO] \U0001f50d Checking metacces-7573...
2025-10-15 02:26:15,330 [INFO] Unexpected error in check_for_updates(): 'list' object has no attribute 'items'
2025-10-15 02:39:18,995 [INFO] \U0001f916 Zealy Notifier Bot Started...
2025-10-15 02:39:18,995 [INFO] Tracking communities: metacces-7573, bitcoinvip
2025-10-15 02:39:18,995 [INFO] 
[2025-10-15 02:39:18] Checking for updates...
2025-10-15 02:39:18,997 [INFO] \U0001f50d Checking metacces-7573...
2025-10-15 02:39:21,665 [INFO] No new quests found for metacces-7573.
2025-10-15 02:39:21,665 [INFO] \U0001f50d Checking bitcoinvip...
2025-10-15 02:39:23,499 [INFO] No new quests found for bitcoinvip.
2025-10-15 02:39:23,502 [INFO] \u2705 Check complete.
2025-10-15 02:44:27,804 [INFO] \U0001f916 Zealy Notifier Bot Started...
2025-10-15 02:44:27,804 [INFO] Tracking communities: metacces-7573, bitcoinvip
2025-10-15 02:44:27,804 [INFO] 
[2025-10-15 02:44:27] Checking for updates...
2025-10-15 02:44:27,805 [INFO] \U0001f50d Checking metacces-7573...
2025-10-15 02:44:29,478 [INFO] No new quests found for metacces-7573.
2025-10-15 02:44:29,479 [INFO] \U0001f50d Checking bitcoinvip...
2025-10-15 02:44:30,862 [INFO] No new quests found for bitcoinvip.
2025-10-15 02:44:30,863 [INFO] \u2705 Check complete.
2025-10-15 02:49:30,907 [INFO] 
[2025-10-15 02:49:30] Checking for updates...
2025-10-15 02:49:30,909 [INFO] \U0001f50d Checking metacces-7573...
2025-10-15 02:49:32,383 [INFO] No new quests found for metacces-7573.
2025-10-15 02:49:32,385 [INFO] \U0001f50d Checking bitcoinvip...
2025-10-15 02:49:33,843 [INFO] No new quests found for bitcoinvip.
2025-10-15 02:49:33,846 [INFO] \u2705 Check complete.
2025-10-15 02:54:33,889 [INFO] 
[2025-10-15 02:54:33] Checking for updates...
2025-10-15 02:54:33,890 [INFO] \U0001f50d Checking metacces-7573...
2025-10-15 02:54:35,388 [INFO] No new quests found for metacces-7573.
2025-10-15 02:54:35,390 [INFO] \U0001f50d Checking bitcoinvip...
2025-10-15 02:54:36,868 [INFO] No new quests found for bitcoinvip.
2025-10-15 02:54:36,869 [INFO] \u2705 Check complete.
2025-10-15 02:59:36,907 [INFO] 
[2025-10-15 02:59:36] Checking for updates...
2025-10-15 02:59:36,908 [INFO] \U0001f50d Checking metacces-7573...
2025-10-15 02:59:38,793 [INFO] No new quests found for metacces-7573.
2025-10-15 02:59:38,793 [INFO] \U0001f50d Checking bitcoinvip...
2025-10-15 02:59:41,234 [INFO] No new quests found for bitcoinvip.
2025-10-15 02:59:41,237 [INFO] \u2705 Check complete.
2025-10-15 03:04:41,280 [INFO] 
[2025-10-15 03:04:41] Checking for updates...
2025-10-15 03:04:41,283 [INFO] \U0001f50d Checking metacces-7573...
2025-10-15 03:04:43,327 [INFO] No new quests found for metacces-7573.
2025-10-15 03:04:43,327 [INFO] \U0001f50d Checking bitcoinvip...
2025-10-15 03:04:45,363 [INFO] No new quests found for bitcoinvip.
2025-10-15 03:04:45,367 [INFO] \u2705 Check complete.
2025-10-15 03:09:45,416 [INFO] 
[2025-10-15 03:09:45] Checking for updates...
2025-10-15 03:09:45,417 [INFO] \U0001f50d Checking metacces-7573...
2025-10-15 03:09:47,243 [INFO] No new quests found for metacces-7573.
2025-10-15 03:09:47,243 [INFO] \U0001f50d Checking bitcoinvip...
2025-10-15 03:09:48,697 [INFO] No new quests found for bitcoinvip.
2025-10-15 03:09:48,700 [INFO] \u2705 Check complete.
2025-10-15 03:14:48,749 [INFO] 
[2025-10-15 03:14:48] Checking for updates...
2025-10-15 03:14:48,757 [INFO] \U0001f50d Checking metacces-7573...
2025-10-15 03:14:50,440 [INFO] No new quests found for metacces-7573.
2025-10-15 03:14:50,440 [INFO] \U0001f50d Checking bitcoinvip...
2025-10-15 03:14:52,623 [INFO] No new quests found for bitcoinvip.
2025-10-15 03:14:52,627 [INFO] \u2705 Check complete.
2025-10-15 03:19:52,676 [INFO] 
[2025-10-15 03:19:52] Checking for updates...
2025-10-15 03:19:52,684 [INFO] \U0001f50d Checking metacces-7573...
2025-10-15 03:19:54,267 [INFO] No new quests found for metacces-7573.
2025-10-15 03:19:54,267 [INFO] \U0001f50d Checking bitcoinvip...
2025-10-15 03:19:55,867 [INFO] No new quests found for bitcoinvip.
2025-10-15 03:19:55,867 [INFO] \u2705 Check complete.
2025-10-15 03:24:55,913 [INFO] 
[2025-10-15 03:24:55] Checking for updates...
2025-10-15 03:24:55,916 [INFO] \U0001f50d Checking metacces-7573...
2025-10-15 03:24:57,890 [INFO] No new quests found for metacces-7573.
2025-10-15 03:24:57,890 [INFO] \U0001f50d Checking bitcoinvip...
2025-10-15 03:24:59,627 [INFO] No new quests found for bitcoinvip.
2025-10-15 03:24:59,634 [INFO] \u2705 Check complete.
2025-10-15 03:29:59,681 [INFO] 
[2025-10-15 03:29:59] Checking for updates...
2025-10-15 03:29:59,683 [INFO] \U0001f50d Checking metacces-7573...
2025-10-15 03:30:01,717 [INFO] No new quests found for metacces-7573.
2025-10-15 03:30:01,720 [INFO] \U0001f50d Checking bitcoinvip...
2025-10-15 03:30:03,551 [INFO] No new quests found for bitcoinvip.
2025-10-15 03:30:03,554 [INFO] \u2705 Check complete.
2025-10-15 03:35:03,599 [INFO] 
[2025-10-15 03:35:03] Checking for updates...
2025-10-15 03:35:03,601 [INFO] \U0001f50d Checking metacces-7573...
2025-10-15 03:35:05,610 [INFO] No new quests found for metacces-7573.
2025-10-15 03:35:05,610 [INFO] \U0001f50d Checking bitcoinvip...
2025-10-15 03:35:07,444 [INFO] No new quests found for bitcoinvip.
2025-10-15 03:35:07,448 [INFO] \u2705 Check complete.
2025-10-15 03:40:07,490 [INFO] 
[2025-10-15 03:40:07] Checking for updates...
2025-10-15 03:40:07,491 [INFO] \U0001f50d Checking metacces-7573...
2025-10-15 03:40:09,553 [INFO] No new quests found for metacces-7573.
2025-10-15 03:40:09,553 [INFO] \U0001f50d Checking bitcoinvip...
2025-10-15 03:40:11,394 [INFO] No new quests found for bitcoinvip.
2025-10-15 03:40:11,394 [INFO] \u2705 Check complete.
2025-10-15 03:45:11,439 [INFO] 
[2025-10-15 03:45:11] Checking for updates...
2025-10-15 03:45:11,446 [INFO] \U0001f50d Checking metacces-7573...
2025-10-15 03:45:13,651 [INFO] No new quests found for metacces-7573.
2025-10-15 03:45:13,651 [INFO] \U0001f50d Checking bitcoinvip...
2025-10-15 03:45:15,504 [INFO] No new quests found for bitcoinvip.
2025-10-15 03:45:15,505 [INFO] \u2705 Check complete.
2025-10-15 03:50:15,547 [INFO] 
[2025-10-15 03:50:15] Checking for updates...
2025-10-15 03:50:15,555 [INFO] \U0001f50d Checking metacces-7573...
2025-10-15 03:50:18,623 [INFO] No new quests found for metacces-7573.
2025-10-15 03:50:18,623 [INFO] \U0001f50d Checking bitcoinvip...
2025-10-15 03:50:20,296 [INFO] No new quests found for bitcoinvip.
2025-10-15 03:50:20,301 [INFO] \u2705 Check complete.
